<?xml version="1.0" encoding="UTF-8"?>
<!-- Generated by org.testng.reporters.JUnitXMLReporter -->
<testsuite hostname="LAPTOP-VQNA19QV" ignored="0" name="Default test" tests="3" failures="0" timestamp="13 Sep 2022 08:06:45 GMT" time="19.298" errors="0">
  <testcase name="test" time="5.298" classname="org_tngday4.prodata1"/>
  <testcase name="test" time="3.476" classname="org_tngday4.prodata1"/>
  <testcase name="test" time="6.193" classname="org_tngday4.prodata1"/>
</testsuite> <!-- Default test -->
