<?xml version="1.0" encoding="UTF-8"?>
<!-- Generated by org.testng.reporters.JUnitXMLReporter -->
<testsuite hostname="LAPTOP-VQNA19QV" ignored="5" name="Test" tests="6" failures="0" timestamp="14 Sep 2022 06:12:31 GMT" time="0.058" errors="0">
  <testcase name="test1" time="0.009" classname="org_tngday5.grpday1"/>
  <testcase name="test10" time="0.002" classname="org_tngday5.grpday1"/>
  <testcase name="test2" time="0.0" classname="org_tngday5.grpday1"/>
  <testcase name="test4" time="0.002" classname="org_tngday5.grpday1"/>
  <testcase name="test5" time="0.002" classname="org_tngday5.grpday1"/>
  <testcase name="test9" time="0.007" classname="org_tngday5.grpday1"/>
  <testcase name="test8" time="0.0" classname="org_tngday5.grpday1">
    <ignored/>
  </testcase> <!-- test8 -->
  <testcase name="test" time="0.0" classname="org_tngday5.grpday1">
    <ignored/>
  </testcase> <!-- test -->
  <testcase name="test7" time="0.0" classname="org_tngday5.grpday1">
    <ignored/>
  </testcase> <!-- test7 -->
  <testcase name="test3" time="0.0" classname="org_tngday5.grpday1">
    <ignored/>
  </testcase> <!-- test3 -->
  <testcase name="test6" time="0.0" classname="org_tngday5.grpday1">
    <ignored/>
  </testcase> <!-- test6 -->
</testsuite> <!-- Test -->
